[33mWARNING[0m:  [09-09-2024 20:43:31] chroma_server_nofile is set to 65535, but this is less than current soft limit of 1048576. chroma_server_nofile will not be set.
[32mINFO[0m:     [09-09-2024 20:43:31] Anonymized telemetry enabled. See                     https://docs.trychroma.com/telemetry for more information.
[36mDEBUG[0m:    [09-09-2024 20:43:31] Starting component System
[36mDEBUG[0m:    [09-09-2024 20:43:31] Starting component OpenTelemetryClient
[36mDEBUG[0m:    [09-09-2024 20:43:31] Starting component SqliteDB
[36mDEBUG[0m:    [09-09-2024 20:43:37] Starting component QuotaEnforcer
[36mDEBUG[0m:    [09-09-2024 20:43:37] Starting component Posthog
[36mDEBUG[0m:    [09-09-2024 20:43:37] Starting component LocalSegmentManager
[36mDEBUG[0m:    [09-09-2024 20:43:37] Starting component SegmentAPI
[32mINFO[0m:     [09-09-2024 20:43:37] Started server process [[36m3820[0m]
[32mINFO[0m:     [09-09-2024 20:43:37] Waiting for application startup.
[32mINFO[0m:     [09-09-2024 20:43:37] Application startup complete.
[32mINFO[0m:     [09-09-2024 20:43:37] Uvicorn running on [1mhttp://localhost:8000[0m (Press CTRL+C to quit)
[32mINFO[0m:     [09-09-2024 20:44:23] ::1:36508 - "GET /api/v1/tenants/default_tenant HTTP/1.1" 200
[32mINFO[0m:     [09-09-2024 20:44:23] ::1:36508 - "GET /api/v1/databases/default_database?tenant=default_tenant HTTP/1.1" 200
[32mINFO[0m:     [09-09-2024 20:44:23] ::1:36518 - "POST /api/v1/collections?tenant=default_tenant&database=default_database HTTP/1.1" 200
[32mINFO[0m:     [09-09-2024 20:44:31] ::1:57874 - "GET /api/v1/pre-flight-checks HTTP/1.1" 200
[36mDEBUG[0m:    [09-09-2024 20:44:31] Starting component PersistentLocalHnswSegment
[32mINFO[0m:     [09-09-2024 20:44:32] ::1:57874 - "POST /api/v1/collections/297a786b-6da2-44ae-ae0d-cd2f61630555/add HTTP/1.1" 201
[32mINFO[0m:     [09-09-2024 20:44:32] ::1:57874 - "POST /api/v1/collections/297a786b-6da2-44ae-ae0d-cd2f61630555/query HTTP/1.1" 200
[32mINFO[0m:     [09-09-2024 20:44:37] ::1:46922 - "GET /api/v1/tenants/default_tenant HTTP/1.1" 200
[32mINFO[0m:     [09-09-2024 20:44:37] ::1:46922 - "GET /api/v1/databases/default_database?tenant=default_tenant HTTP/1.1" 200
[36mDEBUG[0m:    [09-09-2024 20:44:37] Collection sample_collection already exists, returning existing collection.
[32mINFO[0m:     [09-09-2024 20:44:37] ::1:46932 - "POST /api/v1/collections?tenant=default_tenant&database=default_database HTTP/1.1" 200
[32mINFO[0m:     [09-09-2024 20:44:38] ::1:46932 - "GET /api/v1/pre-flight-checks HTTP/1.1" 200
[33mWARNING[0m:  [09-09-2024 20:44:38] Insert of existing embedding ID: doc1
[33mWARNING[0m:  [09-09-2024 20:44:38] Insert of existing embedding ID: doc2
[33mWARNING[0m:  [09-09-2024 20:44:38] Add of existing embedding ID: doc1
[33mWARNING[0m:  [09-09-2024 20:44:38] Add of existing embedding ID: doc2
[32mINFO[0m:     [09-09-2024 20:44:38] ::1:46932 - "POST /api/v1/collections/297a786b-6da2-44ae-ae0d-cd2f61630555/add HTTP/1.1" 201
[32mINFO[0m:     [09-09-2024 20:44:38] ::1:46932 - "POST /api/v1/collections/297a786b-6da2-44ae-ae0d-cd2f61630555/query HTTP/1.1" 200
[32mINFO[0m:     [09-09-2024 20:47:47] ::1:40634 - "GET /api/v1/tenants/default_tenant HTTP/1.1" 200
[32mINFO[0m:     [09-09-2024 20:47:47] ::1:40634 - "GET /api/v1/databases/default_database?tenant=default_tenant HTTP/1.1" 200
[32mINFO[0m:     [09-09-2024 20:47:48] ::1:40636 - "POST /api/v1/collections?tenant=default_tenant&database=default_database HTTP/1.1" 200
[32mINFO[0m:     [09-09-2024 20:47:49] ::1:40636 - "GET /api/v1/pre-flight-checks HTTP/1.1" 200
[36mDEBUG[0m:    [09-09-2024 20:47:49] Starting component PersistentLocalHnswSegment
[32mINFO[0m:     [09-09-2024 20:47:50] ::1:40636 - "POST /api/v1/collections/aafe7113-89d1-49dd-92a3-df8288b6068b/add HTTP/1.1" 201
[32mINFO[0m:     [09-09-2024 20:47:50] ::1:40636 - "POST /api/v1/collections/aafe7113-89d1-49dd-92a3-df8288b6068b/query HTTP/1.1" 200
[32mINFO[0m:     [09-09-2024 20:52:07] ::1:35018 - "GET /api/v1/tenants/default_tenant HTTP/1.1" 200
[32mINFO[0m:     [09-09-2024 20:52:07] ::1:35018 - "GET /api/v1/databases/default_database?tenant=default_tenant HTTP/1.1" 200
[36mDEBUG[0m:    [09-09-2024 20:52:07] Collection hobby already exists, returning existing collection.
[32mINFO[0m:     [09-09-2024 20:52:07] ::1:35024 - "POST /api/v1/collections?tenant=default_tenant&database=default_database HTTP/1.1" 200
[32mINFO[0m:     [09-09-2024 20:52:08] ::1:35024 - "POST /api/v1/collections/aafe7113-89d1-49dd-92a3-df8288b6068b/query HTTP/1.1" 200
[32mINFO[0m:     [09-09-2024 20:52:51] ::1:44846 - "GET /api/v1/tenants/default_tenant HTTP/1.1" 200
[32mINFO[0m:     [09-09-2024 20:52:51] ::1:44846 - "GET /api/v1/databases/default_database?tenant=default_tenant HTTP/1.1" 200
[36mDEBUG[0m:    [09-09-2024 20:52:51] Collection hobby already exists, returning existing collection.
[32mINFO[0m:     [09-09-2024 20:52:51] ::1:44860 - "POST /api/v1/collections?tenant=default_tenant&database=default_database HTTP/1.1" 200
[32mINFO[0m:     [09-09-2024 20:52:52] ::1:44860 - "POST /api/v1/collections/aafe7113-89d1-49dd-92a3-df8288b6068b/query HTTP/1.1" 200
[32mINFO[0m:     [09-09-2024 20:53:20] ::1:44624 - "GET /api/v1/tenants/default_tenant HTTP/1.1" 200
[32mINFO[0m:     [09-09-2024 20:53:20] ::1:44624 - "GET /api/v1/databases/default_database?tenant=default_tenant HTTP/1.1" 200
[36mDEBUG[0m:    [09-09-2024 20:53:20] Collection hobby already exists, returning existing collection.
[32mINFO[0m:     [09-09-2024 20:53:20] ::1:44630 - "POST /api/v1/collections?tenant=default_tenant&database=default_database HTTP/1.1" 200
[32mINFO[0m:     [09-09-2024 20:53:26] ::1:52468 - "GET /api/v1/tenants/default_tenant HTTP/1.1" 200
[32mINFO[0m:     [09-09-2024 20:53:26] ::1:52468 - "GET /api/v1/databases/default_database?tenant=default_tenant HTTP/1.1" 200
[36mDEBUG[0m:    [09-09-2024 20:53:26] Collection hobby already exists, returning existing collection.
[32mINFO[0m:     [09-09-2024 20:53:26] ::1:52480 - "POST /api/v1/collections?tenant=default_tenant&database=default_database HTTP/1.1" 200
[32mINFO[0m:     [09-09-2024 20:53:33] ::1:37686 - "GET /api/v1/tenants/default_tenant HTTP/1.1" 200
[32mINFO[0m:     [09-09-2024 20:53:33] ::1:37686 - "GET /api/v1/databases/default_database?tenant=default_tenant HTTP/1.1" 200
[36mDEBUG[0m:    [09-09-2024 20:53:33] Collection hobby already exists, returning existing collection.
[32mINFO[0m:     [09-09-2024 20:53:33] ::1:37702 - "POST /api/v1/collections?tenant=default_tenant&database=default_database HTTP/1.1" 200
[32mINFO[0m:     [09-09-2024 20:53:38] ::1:37704 - "GET /api/v1/tenants/default_tenant HTTP/1.1" 200
[32mINFO[0m:     [09-09-2024 20:53:38] ::1:37704 - "GET /api/v1/databases/default_database?tenant=default_tenant HTTP/1.1" 200
[36mDEBUG[0m:    [09-09-2024 20:53:38] Collection hobby already exists, returning existing collection.
[32mINFO[0m:     [09-09-2024 20:53:38] ::1:37718 - "POST /api/v1/collections?tenant=default_tenant&database=default_database HTTP/1.1" 200
[32mINFO[0m:     [09-09-2024 20:53:58] ::1:43146 - "GET /api/v1/tenants/default_tenant HTTP/1.1" 200
[32mINFO[0m:     [09-09-2024 20:53:58] ::1:43146 - "GET /api/v1/databases/default_database?tenant=default_tenant HTTP/1.1" 200
[36mDEBUG[0m:    [09-09-2024 20:53:58] Collection hobby already exists, returning existing collection.
[32mINFO[0m:     [09-09-2024 20:53:58] ::1:43158 - "POST /api/v1/collections?tenant=default_tenant&database=default_database HTTP/1.1" 200
[32mINFO[0m:     [09-09-2024 20:53:58] ::1:43158 - "POST /api/v1/collections/aafe7113-89d1-49dd-92a3-df8288b6068b/query HTTP/1.1" 200
[32mINFO[0m:     [09-09-2024 20:54:10] ::1:50280 - "GET /api/v1/tenants/default_tenant HTTP/1.1" 200
[32mINFO[0m:     [09-09-2024 20:54:10] ::1:50280 - "GET /api/v1/databases/default_database?tenant=default_tenant HTTP/1.1" 200
[36mDEBUG[0m:    [09-09-2024 20:54:10] Collection hobby already exists, returning existing collection.
[32mINFO[0m:     [09-09-2024 20:54:10] ::1:50282 - "POST /api/v1/collections?tenant=default_tenant&database=default_database HTTP/1.1" 200
[32mINFO[0m:     [09-09-2024 20:54:10] ::1:50282 - "POST /api/v1/collections/aafe7113-89d1-49dd-92a3-df8288b6068b/query HTTP/1.1" 200
[32mINFO[0m:     [09-09-2024 20:56:41] ::1:60740 - "GET /api/v1/tenants/default_tenant HTTP/1.1" 200
[32mINFO[0m:     [09-09-2024 20:56:41] ::1:60740 - "GET /api/v1/databases/default_database?tenant=default_tenant HTTP/1.1" 200
[36mDEBUG[0m:    [09-09-2024 20:56:41] Collection hobby already exists, returning existing collection.
[32mINFO[0m:     [09-09-2024 20:56:41] ::1:60744 - "POST /api/v1/collections?tenant=default_tenant&database=default_database HTTP/1.1" 200
[32mINFO[0m:     [09-09-2024 20:57:20] ::1:59052 - "GET /api/v1/tenants/default_tenant HTTP/1.1" 200
[32mINFO[0m:     [09-09-2024 20:57:20] ::1:59052 - "GET /api/v1/databases/default_database?tenant=default_tenant HTTP/1.1" 200
[36mDEBUG[0m:    [09-09-2024 20:57:20] Collection hobby already exists, returning existing collection.
[32mINFO[0m:     [09-09-2024 20:57:20] ::1:59066 - "POST /api/v1/collections?tenant=default_tenant&database=default_database HTTP/1.1" 200
[32mINFO[0m:     [09-09-2024 20:57:20] ::1:59066 - "POST /api/v1/collections/aafe7113-89d1-49dd-92a3-df8288b6068b/query HTTP/1.1" 200
[32mINFO[0m:     [09-09-2024 20:58:40] ::1:39690 - "GET /api/v1/tenants/default_tenant HTTP/1.1" 200
[32mINFO[0m:     [09-09-2024 20:58:40] ::1:39690 - "GET /api/v1/databases/default_database?tenant=default_tenant HTTP/1.1" 200
[36mDEBUG[0m:    [09-09-2024 20:58:40] Collection hobby already exists, returning existing collection.
[32mINFO[0m:     [09-09-2024 20:58:40] ::1:39696 - "POST /api/v1/collections?tenant=default_tenant&database=default_database HTTP/1.1" 200
[32mINFO[0m:     [09-09-2024 20:58:40] ::1:39696 - "POST /api/v1/collections/aafe7113-89d1-49dd-92a3-df8288b6068b/query HTTP/1.1" 200
[32mINFO[0m:     [09-09-2024 21:01:15] ::1:33472 - "GET /api/v1/tenants/default_tenant HTTP/1.1" 200
[32mINFO[0m:     [09-09-2024 21:01:15] ::1:33472 - "GET /api/v1/databases/default_database?tenant=default_tenant HTTP/1.1" 200
[36mDEBUG[0m:    [09-09-2024 21:01:15] Collection hobby already exists, returning existing collection.
[32mINFO[0m:     [09-09-2024 21:01:15] ::1:33474 - "POST /api/v1/collections?tenant=default_tenant&database=default_database HTTP/1.1" 200
[32mINFO[0m:     [09-09-2024 21:01:16] ::1:33474 - "POST /api/v1/collections/aafe7113-89d1-49dd-92a3-df8288b6068b/query HTTP/1.1" 200
[32mINFO[0m:     [09-09-2024 21:01:51] ::1:48292 - "GET /api/v1/tenants/default_tenant HTTP/1.1" 200
[32mINFO[0m:     [09-09-2024 21:01:51] ::1:48292 - "GET /api/v1/databases/default_database?tenant=default_tenant HTTP/1.1" 200
[36mDEBUG[0m:    [09-09-2024 21:01:51] Collection hobby already exists, returning existing collection.
[32mINFO[0m:     [09-09-2024 21:01:51] ::1:48294 - "POST /api/v1/collections?tenant=default_tenant&database=default_database HTTP/1.1" 200
[32mINFO[0m:     [09-09-2024 21:01:51] ::1:48294 - "POST /api/v1/collections/aafe7113-89d1-49dd-92a3-df8288b6068b/query HTTP/1.1" 200
[32mINFO[0m:     [09-09-2024 21:04:08] ::1:41112 - "GET /api/v1/tenants/default_tenant HTTP/1.1" 200
[32mINFO[0m:     [09-09-2024 21:04:08] ::1:41112 - "GET /api/v1/databases/default_database?tenant=default_tenant HTTP/1.1" 200
[36mDEBUG[0m:    [09-09-2024 21:04:08] Collection hobby already exists, returning existing collection.
[32mINFO[0m:     [09-09-2024 21:04:08] ::1:41118 - "POST /api/v1/collections?tenant=default_tenant&database=default_database HTTP/1.1" 200
[32mINFO[0m:     [09-09-2024 21:04:28] ::1:32862 - "GET /api/v1/pre-flight-checks HTTP/1.1" 200
[33mWARNING[0m:  [09-09-2024 21:04:28] Add of existing embedding ID: person1
[33mWARNING[0m:  [09-09-2024 21:04:28] Add of existing embedding ID: person2
[33mWARNING[0m:  [09-09-2024 21:04:28] Add of existing embedding ID: person3
[33mWARNING[0m:  [09-09-2024 21:04:28] Add of existing embedding ID: person4
[33mWARNING[0m:  [09-09-2024 21:04:28] Add of existing embedding ID: person5
[33mWARNING[0m:  [09-09-2024 21:04:28] Insert of existing embedding ID: person1
[33mWARNING[0m:  [09-09-2024 21:04:28] Insert of existing embedding ID: person2
[33mWARNING[0m:  [09-09-2024 21:04:28] Insert of existing embedding ID: person3
[33mWARNING[0m:  [09-09-2024 21:04:28] Insert of existing embedding ID: person4
[33mWARNING[0m:  [09-09-2024 21:04:28] Insert of existing embedding ID: person5
[32mINFO[0m:     [09-09-2024 21:04:28] ::1:32862 - "POST /api/v1/collections/aafe7113-89d1-49dd-92a3-df8288b6068b/add HTTP/1.1" 201
[32mINFO[0m:     [09-09-2024 21:04:40] ::1:34742 - "GET /api/v1/tenants/default_tenant HTTP/1.1" 200
[32mINFO[0m:     [09-09-2024 21:04:40] ::1:34742 - "GET /api/v1/databases/default_database?tenant=default_tenant HTTP/1.1" 200
[36mDEBUG[0m:    [09-09-2024 21:04:40] Collection hobby already exists, returning existing collection.
[32mINFO[0m:     [09-09-2024 21:04:40] ::1:34746 - "POST /api/v1/collections?tenant=default_tenant&database=default_database HTTP/1.1" 200
[32mINFO[0m:     [09-09-2024 21:04:53] ::1:47036 - "GET /api/v1/pre-flight-checks HTTP/1.1" 200
[33mWARNING[0m:  [09-09-2024 21:04:53] Add of existing embedding ID: person1
[33mWARNING[0m:  [09-09-2024 21:04:53] Add of existing embedding ID: person2
[33mWARNING[0m:  [09-09-2024 21:04:53] Add of existing embedding ID: person3
[33mWARNING[0m:  [09-09-2024 21:04:53] Add of existing embedding ID: person4
[33mWARNING[0m:  [09-09-2024 21:04:53] Add of existing embedding ID: person5
[33mWARNING[0m:  [09-09-2024 21:04:53] Add of existing embedding ID: person6
[33mWARNING[0m:  [09-09-2024 21:04:53] Add of existing embedding ID: person7
[33mWARNING[0m:  [09-09-2024 21:04:53] Add of existing embedding ID: person8
[33mWARNING[0m:  [09-09-2024 21:04:53] Add of existing embedding ID: person9
[33mWARNING[0m:  [09-09-2024 21:04:53] Add of existing embedding ID: person10
[33mWARNING[0m:  [09-09-2024 21:04:53] Add of existing embedding ID: person11
[33mWARNING[0m:  [09-09-2024 21:04:53] Add of existing embedding ID: person12
[33mWARNING[0m:  [09-09-2024 21:04:53] Add of existing embedding ID: person13
[33mWARNING[0m:  [09-09-2024 21:04:53] Add of existing embedding ID: person14
[33mWARNING[0m:  [09-09-2024 21:04:53] Add of existing embedding ID: person15
[33mWARNING[0m:  [09-09-2024 21:04:53] Add of existing embedding ID: person16
[33mWARNING[0m:  [09-09-2024 21:04:53] Add of existing embedding ID: person17
[33mWARNING[0m:  [09-09-2024 21:04:53] Add of existing embedding ID: person18
[33mWARNING[0m:  [09-09-2024 21:04:53] Add of existing embedding ID: person19
[33mWARNING[0m:  [09-09-2024 21:04:53] Add of existing embedding ID: person20
[33mWARNING[0m:  [09-09-2024 21:04:53] Add of existing embedding ID: person21
[33mWARNING[0m:  [09-09-2024 21:04:53] Add of existing embedding ID: person22
[33mWARNING[0m:  [09-09-2024 21:04:53] Add of existing embedding ID: person23
[33mWARNING[0m:  [09-09-2024 21:04:53] Add of existing embedding ID: person24
[33mWARNING[0m:  [09-09-2024 21:04:53] Add of existing embedding ID: person25
[33mWARNING[0m:  [09-09-2024 21:04:53] Add of existing embedding ID: person26
[33mWARNING[0m:  [09-09-2024 21:04:53] Add of existing embedding ID: person27
[33mWARNING[0m:  [09-09-2024 21:04:53] Add of existing embedding ID: person28
[33mWARNING[0m:  [09-09-2024 21:04:53] Add of existing embedding ID: person29
[33mWARNING[0m:  [09-09-2024 21:04:53] Add of existing embedding ID: person30
[33mWARNING[0m:  [09-09-2024 21:04:53] Add of existing embedding ID: person31
[33mWARNING[0m:  [09-09-2024 21:04:53] Add of existing embedding ID: person32
[33mWARNING[0m:  [09-09-2024 21:04:54] Add of existing embedding ID: person33
[33mWARNING[0m:  [09-09-2024 21:04:54] Add of existing embedding ID: person34
[33mWARNING[0m:  [09-09-2024 21:04:54] Add of existing embedding ID: person35
[33mWARNING[0m:  [09-09-2024 21:04:54] Add of existing embedding ID: person36
[33mWARNING[0m:  [09-09-2024 21:04:54] Add of existing embedding ID: person37
[33mWARNING[0m:  [09-09-2024 21:04:54] Add of existing embedding ID: person38
[33mWARNING[0m:  [09-09-2024 21:04:54] Add of existing embedding ID: person39
[33mWARNING[0m:  [09-09-2024 21:04:54] Add of existing embedding ID: person40
[33mWARNING[0m:  [09-09-2024 21:04:54] Add of existing embedding ID: person41
[33mWARNING[0m:  [09-09-2024 21:04:54] Add of existing embedding ID: person42
[33mWARNING[0m:  [09-09-2024 21:04:54] Add of existing embedding ID: person43
[33mWARNING[0m:  [09-09-2024 21:04:54] Add of existing embedding ID: person44
[33mWARNING[0m:  [09-09-2024 21:04:54] Add of existing embedding ID: person45
[33mWARNING[0m:  [09-09-2024 21:04:54] Add of existing embedding ID: person46
[33mWARNING[0m:  [09-09-2024 21:04:54] Add of existing embedding ID: person47
[33mWARNING[0m:  [09-09-2024 21:04:54] Add of existing embedding ID: person48
[33mWARNING[0m:  [09-09-2024 21:04:54] Add of existing embedding ID: person49
[33mWARNING[0m:  [09-09-2024 21:04:54] Add of existing embedding ID: person50
[33mWARNING[0m:  [09-09-2024 21:04:54] Add of existing embedding ID: person51
[33mWARNING[0m:  [09-09-2024 21:04:54] Add of existing embedding ID: person52
[33mWARNING[0m:  [09-09-2024 21:04:54] Add of existing embedding ID: person53
[33mWARNING[0m:  [09-09-2024 21:04:54] Add of existing embedding ID: person54
[33mWARNING[0m:  [09-09-2024 21:04:54] Add of existing embedding ID: person55
[33mWARNING[0m:  [09-09-2024 21:04:54] Add of existing embedding ID: person56
[33mWARNING[0m:  [09-09-2024 21:04:54] Add of existing embedding ID: person57
[33mWARNING[0m:  [09-09-2024 21:04:54] Add of existing embedding ID: person58
[33mWARNING[0m:  [09-09-2024 21:04:54] Add of existing embedding ID: person59
[33mWARNING[0m:  [09-09-2024 21:04:54] Add of existing embedding ID: person60
[33mWARNING[0m:  [09-09-2024 21:04:54] Add of existing embedding ID: person61
[33mWARNING[0m:  [09-09-2024 21:04:54] Add of existing embedding ID: person62
[33mWARNING[0m:  [09-09-2024 21:04:54] Add of existing embedding ID: person63
[33mWARNING[0m:  [09-09-2024 21:04:54] Add of existing embedding ID: person64
[33mWARNING[0m:  [09-09-2024 21:04:54] Add of existing embedding ID: person65
[33mWARNING[0m:  [09-09-2024 21:04:54] Add of existing embedding ID: person66
[33mWARNING[0m:  [09-09-2024 21:04:54] Add of existing embedding ID: person67
[33mWARNING[0m:  [09-09-2024 21:04:54] Add of existing embedding ID: person68
[33mWARNING[0m:  [09-09-2024 21:04:54] Add of existing embedding ID: person69
[33mWARNING[0m:  [09-09-2024 21:04:54] Add of existing embedding ID: person70
[33mWARNING[0m:  [09-09-2024 21:04:54] Add of existing embedding ID: person71
[33mWARNING[0m:  [09-09-2024 21:04:54] Add of existing embedding ID: person72
[33mWARNING[0m:  [09-09-2024 21:04:54] Add of existing embedding ID: person73
[33mWARNING[0m:  [09-09-2024 21:04:54] Add of existing embedding ID: person74
[33mWARNING[0m:  [09-09-2024 21:04:54] Add of existing embedding ID: person75
[33mWARNING[0m:  [09-09-2024 21:04:54] Add of existing embedding ID: person76
[33mWARNING[0m:  [09-09-2024 21:04:54] Add of existing embedding ID: person77
[33mWARNING[0m:  [09-09-2024 21:04:54] Add of existing embedding ID: person78
[33mWARNING[0m:  [09-09-2024 21:04:54] Add of existing embedding ID: person79
[33mWARNING[0m:  [09-09-2024 21:04:54] Add of existing embedding ID: person80
[33mWARNING[0m:  [09-09-2024 21:04:54] Add of existing embedding ID: person81
[33mWARNING[0m:  [09-09-2024 21:04:54] Add of existing embedding ID: person82
[33mWARNING[0m:  [09-09-2024 21:04:54] Add of existing embedding ID: person83
[33mWARNING[0m:  [09-09-2024 21:04:54] Add of existing embedding ID: person84
[33mWARNING[0m:  [09-09-2024 21:04:54] Add of existing embedding ID: person85
[33mWARNING[0m:  [09-09-2024 21:04:54] Add of existing embedding ID: person86
[33mWARNING[0m:  [09-09-2024 21:04:54] Add of existing embedding ID: person87
[33mWARNING[0m:  [09-09-2024 21:04:54] Add of existing embedding ID: person88
[33mWARNING[0m:  [09-09-2024 21:04:54] Add of existing embedding ID: person89
[33mWARNING[0m:  [09-09-2024 21:04:54] Add of existing embedding ID: person90
[33mWARNING[0m:  [09-09-2024 21:04:54] Add of existing embedding ID: person91
[33mWARNING[0m:  [09-09-2024 21:04:54] Add of existing embedding ID: person92
[33mWARNING[0m:  [09-09-2024 21:04:54] Add of existing embedding ID: person93
[33mWARNING[0m:  [09-09-2024 21:04:54] Add of existing embedding ID: person94
[33mWARNING[0m:  [09-09-2024 21:04:54] Add of existing embedding ID: person95
[33mWARNING[0m:  [09-09-2024 21:04:54] Add of existing embedding ID: person96
[33mWARNING[0m:  [09-09-2024 21:04:54] Add of existing embedding ID: person97
[33mWARNING[0m:  [09-09-2024 21:04:54] Add of existing embedding ID: person98
[33mWARNING[0m:  [09-09-2024 21:04:54] Add of existing embedding ID: person99
[33mWARNING[0m:  [09-09-2024 21:04:54] Add of existing embedding ID: person100
[33mWARNING[0m:  [09-09-2024 21:04:54] Insert of existing embedding ID: person1
[33mWARNING[0m:  [09-09-2024 21:04:54] Insert of existing embedding ID: person2
[33mWARNING[0m:  [09-09-2024 21:04:54] Insert of existing embedding ID: person3
[33mWARNING[0m:  [09-09-2024 21:04:54] Insert of existing embedding ID: person4
[33mWARNING[0m:  [09-09-2024 21:04:54] Insert of existing embedding ID: person5
[33mWARNING[0m:  [09-09-2024 21:04:54] Insert of existing embedding ID: person6
[33mWARNING[0m:  [09-09-2024 21:04:54] Insert of existing embedding ID: person7
[33mWARNING[0m:  [09-09-2024 21:04:54] Insert of existing embedding ID: person8
[33mWARNING[0m:  [09-09-2024 21:04:54] Insert of existing embedding ID: person9
[33mWARNING[0m:  [09-09-2024 21:04:54] Insert of existing embedding ID: person10
[33mWARNING[0m:  [09-09-2024 21:04:54] Insert of existing embedding ID: person11
[33mWARNING[0m:  [09-09-2024 21:04:54] Insert of existing embedding ID: person12
[33mWARNING[0m:  [09-09-2024 21:04:54] Insert of existing embedding ID: person13
[33mWARNING[0m:  [09-09-2024 21:04:54] Insert of existing embedding ID: person14
[33mWARNING[0m:  [09-09-2024 21:04:54] Insert of existing embedding ID: person15
[33mWARNING[0m:  [09-09-2024 21:04:54] Insert of existing embedding ID: person16
[33mWARNING[0m:  [09-09-2024 21:04:54] Insert of existing embedding ID: person17
[33mWARNING[0m:  [09-09-2024 21:04:54] Insert of existing embedding ID: person18
[33mWARNING[0m:  [09-09-2024 21:04:54] Insert of existing embedding ID: person19
[33mWARNING[0m:  [09-09-2024 21:04:54] Insert of existing embedding ID: person20
[33mWARNING[0m:  [09-09-2024 21:04:54] Insert of existing embedding ID: person21
[33mWARNING[0m:  [09-09-2024 21:04:54] Insert of existing embedding ID: person22
[33mWARNING[0m:  [09-09-2024 21:04:54] Insert of existing embedding ID: person23
[33mWARNING[0m:  [09-09-2024 21:04:54] Insert of existing embedding ID: person24
[33mWARNING[0m:  [09-09-2024 21:04:54] Insert of existing embedding ID: person25
[33mWARNING[0m:  [09-09-2024 21:04:54] Insert of existing embedding ID: person26
[33mWARNING[0m:  [09-09-2024 21:04:54] Insert of existing embedding ID: person27
[33mWARNING[0m:  [09-09-2024 21:04:54] Insert of existing embedding ID: person28
[33mWARNING[0m:  [09-09-2024 21:04:54] Insert of existing embedding ID: person29
[33mWARNING[0m:  [09-09-2024 21:04:54] Insert of existing embedding ID: person30
[33mWARNING[0m:  [09-09-2024 21:04:54] Insert of existing embedding ID: person31
[33mWARNING[0m:  [09-09-2024 21:04:54] Insert of existing embedding ID: person32
[33mWARNING[0m:  [09-09-2024 21:04:54] Insert of existing embedding ID: person33
[33mWARNING[0m:  [09-09-2024 21:04:54] Insert of existing embedding ID: person34
[33mWARNING[0m:  [09-09-2024 21:04:54] Insert of existing embedding ID: person35
[33mWARNING[0m:  [09-09-2024 21:04:54] Insert of existing embedding ID: person36
[33mWARNING[0m:  [09-09-2024 21:04:54] Insert of existing embedding ID: person37
[33mWARNING[0m:  [09-09-2024 21:04:54] Insert of existing embedding ID: person38
[33mWARNING[0m:  [09-09-2024 21:04:54] Insert of existing embedding ID: person39
[33mWARNING[0m:  [09-09-2024 21:04:54] Insert of existing embedding ID: person40
[33mWARNING[0m:  [09-09-2024 21:04:54] Insert of existing embedding ID: person41
[33mWARNING[0m:  [09-09-2024 21:04:54] Insert of existing embedding ID: person42
[33mWARNING[0m:  [09-09-2024 21:04:54] Insert of existing embedding ID: person43
[33mWARNING[0m:  [09-09-2024 21:04:54] Insert of existing embedding ID: person44
[33mWARNING[0m:  [09-09-2024 21:04:54] Insert of existing embedding ID: person45
[33mWARNING[0m:  [09-09-2024 21:04:54] Insert of existing embedding ID: person46
[33mWARNING[0m:  [09-09-2024 21:04:54] Insert of existing embedding ID: person47
[33mWARNING[0m:  [09-09-2024 21:04:54] Insert of existing embedding ID: person48
[33mWARNING[0m:  [09-09-2024 21:04:54] Insert of existing embedding ID: person49
[33mWARNING[0m:  [09-09-2024 21:04:54] Insert of existing embedding ID: person50
[33mWARNING[0m:  [09-09-2024 21:04:54] Insert of existing embedding ID: person51
[33mWARNING[0m:  [09-09-2024 21:04:54] Insert of existing embedding ID: person52
[33mWARNING[0m:  [09-09-2024 21:04:54] Insert of existing embedding ID: person53
[33mWARNING[0m:  [09-09-2024 21:04:54] Insert of existing embedding ID: person54
[33mWARNING[0m:  [09-09-2024 21:04:54] Insert of existing embedding ID: person55
[33mWARNING[0m:  [09-09-2024 21:04:54] Insert of existing embedding ID: person56
[33mWARNING[0m:  [09-09-2024 21:04:54] Insert of existing embedding ID: person57
[33mWARNING[0m:  [09-09-2024 21:04:54] Insert of existing embedding ID: person58
[33mWARNING[0m:  [09-09-2024 21:04:54] Insert of existing embedding ID: person59
[33mWARNING[0m:  [09-09-2024 21:04:54] Insert of existing embedding ID: person60
[33mWARNING[0m:  [09-09-2024 21:04:54] Insert of existing embedding ID: person61
[33mWARNING[0m:  [09-09-2024 21:04:54] Insert of existing embedding ID: person62
[33mWARNING[0m:  [09-09-2024 21:04:54] Insert of existing embedding ID: person63
[33mWARNING[0m:  [09-09-2024 21:04:54] Insert of existing embedding ID: person64
[33mWARNING[0m:  [09-09-2024 21:04:54] Insert of existing embedding ID: person65
[33mWARNING[0m:  [09-09-2024 21:04:54] Insert of existing embedding ID: person66
[33mWARNING[0m:  [09-09-2024 21:04:54] Insert of existing embedding ID: person67
[33mWARNING[0m:  [09-09-2024 21:04:54] Insert of existing embedding ID: person68
[33mWARNING[0m:  [09-09-2024 21:04:54] Insert of existing embedding ID: person69
[33mWARNING[0m:  [09-09-2024 21:04:54] Insert of existing embedding ID: person70
[33mWARNING[0m:  [09-09-2024 21:04:54] Insert of existing embedding ID: person71
[33mWARNING[0m:  [09-09-2024 21:04:54] Insert of existing embedding ID: person72
[33mWARNING[0m:  [09-09-2024 21:04:54] Insert of existing embedding ID: person73
[33mWARNING[0m:  [09-09-2024 21:04:54] Insert of existing embedding ID: person74
[33mWARNING[0m:  [09-09-2024 21:04:54] Insert of existing embedding ID: person75
[33mWARNING[0m:  [09-09-2024 21:04:54] Insert of existing embedding ID: person76
[33mWARNING[0m:  [09-09-2024 21:04:54] Insert of existing embedding ID: person77
[33mWARNING[0m:  [09-09-2024 21:04:54] Insert of existing embedding ID: person78
[33mWARNING[0m:  [09-09-2024 21:04:54] Insert of existing embedding ID: person79
[33mWARNING[0m:  [09-09-2024 21:04:54] Insert of existing embedding ID: person80
[33mWARNING[0m:  [09-09-2024 21:04:54] Insert of existing embedding ID: person81
[33mWARNING[0m:  [09-09-2024 21:04:54] Insert of existing embedding ID: person82
[33mWARNING[0m:  [09-09-2024 21:04:54] Insert of existing embedding ID: person83
[33mWARNING[0m:  [09-09-2024 21:04:54] Insert of existing embedding ID: person84
[33mWARNING[0m:  [09-09-2024 21:04:54] Insert of existing embedding ID: person85
[33mWARNING[0m:  [09-09-2024 21:04:54] Insert of existing embedding ID: person86
[33mWARNING[0m:  [09-09-2024 21:04:54] Insert of existing embedding ID: person87
[33mWARNING[0m:  [09-09-2024 21:04:54] Insert of existing embedding ID: person88
[33mWARNING[0m:  [09-09-2024 21:04:54] Insert of existing embedding ID: person89
[33mWARNING[0m:  [09-09-2024 21:04:54] Insert of existing embedding ID: person90
[33mWARNING[0m:  [09-09-2024 21:04:54] Insert of existing embedding ID: person91
[33mWARNING[0m:  [09-09-2024 21:04:54] Insert of existing embedding ID: person92
[33mWARNING[0m:  [09-09-2024 21:04:54] Insert of existing embedding ID: person93
[33mWARNING[0m:  [09-09-2024 21:04:54] Insert of existing embedding ID: person94
[33mWARNING[0m:  [09-09-2024 21:04:54] Insert of existing embedding ID: person95
[33mWARNING[0m:  [09-09-2024 21:04:54] Insert of existing embedding ID: person96
[33mWARNING[0m:  [09-09-2024 21:04:54] Insert of existing embedding ID: person97
[33mWARNING[0m:  [09-09-2024 21:04:54] Insert of existing embedding ID: person98
[33mWARNING[0m:  [09-09-2024 21:04:54] Insert of existing embedding ID: person99
[33mWARNING[0m:  [09-09-2024 21:04:54] Insert of existing embedding ID: person100
[32mINFO[0m:     [09-09-2024 21:04:55] ::1:47036 - "POST /api/v1/collections/aafe7113-89d1-49dd-92a3-df8288b6068b/add HTTP/1.1" 201
[32mINFO[0m:     [09-09-2024 21:04:55] ::1:47036 - "POST /api/v1/collections/aafe7113-89d1-49dd-92a3-df8288b6068b/query HTTP/1.1" 200
[32mINFO[0m:     [09-09-2024 21:05:12] ::1:49786 - "GET /api/v1/tenants/default_tenant HTTP/1.1" 200
[32mINFO[0m:     [09-09-2024 21:05:12] ::1:49786 - "GET /api/v1/databases/default_database?tenant=default_tenant HTTP/1.1" 200
[36mDEBUG[0m:    [09-09-2024 21:05:12] Collection hobby already exists, returning existing collection.
[32mINFO[0m:     [09-09-2024 21:05:12] ::1:49800 - "POST /api/v1/collections?tenant=default_tenant&database=default_database HTTP/1.1" 200
[32mINFO[0m:     [09-09-2024 21:05:18] ::1:56082 - "GET /api/v1/tenants/default_tenant HTTP/1.1" 200
[32mINFO[0m:     [09-09-2024 21:05:18] ::1:56082 - "GET /api/v1/databases/default_database?tenant=default_tenant HTTP/1.1" 200
[36mDEBUG[0m:    [09-09-2024 21:05:18] Collection hobby already exists, returning existing collection.
[32mINFO[0m:     [09-09-2024 21:05:18] ::1:56086 - "POST /api/v1/collections?tenant=default_tenant&database=default_database HTTP/1.1" 200
[32mINFO[0m:     [09-09-2024 21:05:19] ::1:56086 - "POST /api/v1/collections/aafe7113-89d1-49dd-92a3-df8288b6068b/query HTTP/1.1" 200
[32mINFO[0m:     [09-09-2024 21:05:37] ::1:56568 - "GET /api/v1/tenants/default_tenant HTTP/1.1" 200
[32mINFO[0m:     [09-09-2024 21:05:37] ::1:56568 - "GET /api/v1/databases/default_database?tenant=default_tenant HTTP/1.1" 200
[36mDEBUG[0m:    [09-09-2024 21:05:37] Collection hobby already exists, returning existing collection.
[32mINFO[0m:     [09-09-2024 21:05:37] ::1:56576 - "POST /api/v1/collections?tenant=default_tenant&database=default_database HTTP/1.1" 200
[32mINFO[0m:     [09-09-2024 21:07:47] ::1:37504 - "GET /api/v1/pre-flight-checks HTTP/1.1" 200
[33mWARNING[0m:  [09-09-2024 21:07:47] Add of existing embedding ID: person1
[33mWARNING[0m:  [09-09-2024 21:07:47] Add of existing embedding ID: person2
[33mWARNING[0m:  [09-09-2024 21:07:47] Add of existing embedding ID: person3
[33mWARNING[0m:  [09-09-2024 21:07:47] Add of existing embedding ID: person4
[33mWARNING[0m:  [09-09-2024 21:07:47] Add of existing embedding ID: person5
[33mWARNING[0m:  [09-09-2024 21:07:47] Add of existing embedding ID: person6
[33mWARNING[0m:  [09-09-2024 21:07:47] Add of existing embedding ID: person7
[33mWARNING[0m:  [09-09-2024 21:07:47] Add of existing embedding ID: person8
[33mWARNING[0m:  [09-09-2024 21:07:47] Add of existing embedding ID: person9
[33mWARNING[0m:  [09-09-2024 21:07:47] Add of existing embedding ID: person10
[33mWARNING[0m:  [09-09-2024 21:07:47] Add of existing embedding ID: person11
[33mWARNING[0m:  [09-09-2024 21:07:47] Add of existing embedding ID: person12
[33mWARNING[0m:  [09-09-2024 21:07:47] Add of existing embedding ID: person13
[33mWARNING[0m:  [09-09-2024 21:07:47] Add of existing embedding ID: person14
[33mWARNING[0m:  [09-09-2024 21:07:47] Add of existing embedding ID: person15
[33mWARNING[0m:  [09-09-2024 21:07:47] Add of existing embedding ID: person16
[33mWARNING[0m:  [09-09-2024 21:07:47] Add of existing embedding ID: person17
[33mWARNING[0m:  [09-09-2024 21:07:47] Add of existing embedding ID: person18
[33mWARNING[0m:  [09-09-2024 21:07:47] Add of existing embedding ID: person19
[33mWARNING[0m:  [09-09-2024 21:07:47] Add of existing embedding ID: person20
[33mWARNING[0m:  [09-09-2024 21:07:47] Add of existing embedding ID: person21
[33mWARNING[0m:  [09-09-2024 21:07:47] Add of existing embedding ID: person22
[33mWARNING[0m:  [09-09-2024 21:07:47] Add of existing embedding ID: person23
[33mWARNING[0m:  [09-09-2024 21:07:47] Add of existing embedding ID: person24
[33mWARNING[0m:  [09-09-2024 21:07:47] Add of existing embedding ID: person25
[33mWARNING[0m:  [09-09-2024 21:07:47] Add of existing embedding ID: person26
[33mWARNING[0m:  [09-09-2024 21:07:47] Add of existing embedding ID: person27
[33mWARNING[0m:  [09-09-2024 21:07:47] Add of existing embedding ID: person28
[33mWARNING[0m:  [09-09-2024 21:07:47] Add of existing embedding ID: person29
[33mWARNING[0m:  [09-09-2024 21:07:47] Add of existing embedding ID: person30
[33mWARNING[0m:  [09-09-2024 21:07:47] Add of existing embedding ID: person31
[33mWARNING[0m:  [09-09-2024 21:07:47] Add of existing embedding ID: person32
[33mWARNING[0m:  [09-09-2024 21:07:47] Add of existing embedding ID: person33
[33mWARNING[0m:  [09-09-2024 21:07:47] Add of existing embedding ID: person34
[33mWARNING[0m:  [09-09-2024 21:07:47] Add of existing embedding ID: person35
[33mWARNING[0m:  [09-09-2024 21:07:47] Add of existing embedding ID: person36
[33mWARNING[0m:  [09-09-2024 21:07:47] Add of existing embedding ID: person37
[33mWARNING[0m:  [09-09-2024 21:07:47] Add of existing embedding ID: person38
[33mWARNING[0m:  [09-09-2024 21:07:47] Add of existing embedding ID: person39
[33mWARNING[0m:  [09-09-2024 21:07:47] Add of existing embedding ID: person40
[33mWARNING[0m:  [09-09-2024 21:07:47] Add of existing embedding ID: person41
[33mWARNING[0m:  [09-09-2024 21:07:47] Add of existing embedding ID: person42
[33mWARNING[0m:  [09-09-2024 21:07:47] Add of existing embedding ID: person43
[33mWARNING[0m:  [09-09-2024 21:07:47] Add of existing embedding ID: person44
[33mWARNING[0m:  [09-09-2024 21:07:47] Add of existing embedding ID: person45
[33mWARNING[0m:  [09-09-2024 21:07:47] Add of existing embedding ID: person46
[33mWARNING[0m:  [09-09-2024 21:07:47] Add of existing embedding ID: person47
[33mWARNING[0m:  [09-09-2024 21:07:47] Add of existing embedding ID: person48
[33mWARNING[0m:  [09-09-2024 21:07:47] Add of existing embedding ID: person49
[33mWARNING[0m:  [09-09-2024 21:07:47] Add of existing embedding ID: person50
[33mWARNING[0m:  [09-09-2024 21:07:47] Add of existing embedding ID: person51
[33mWARNING[0m:  [09-09-2024 21:07:47] Add of existing embedding ID: person52
[33mWARNING[0m:  [09-09-2024 21:07:47] Add of existing embedding ID: person53
[33mWARNING[0m:  [09-09-2024 21:07:47] Add of existing embedding ID: person54
[33mWARNING[0m:  [09-09-2024 21:07:47] Add of existing embedding ID: person55
[33mWARNING[0m:  [09-09-2024 21:07:47] Add of existing embedding ID: person56
[33mWARNING[0m:  [09-09-2024 21:07:47] Add of existing embedding ID: person57
[33mWARNING[0m:  [09-09-2024 21:07:47] Add of existing embedding ID: person58
[33mWARNING[0m:  [09-09-2024 21:07:47] Add of existing embedding ID: person59
[33mWARNING[0m:  [09-09-2024 21:07:47] Add of existing embedding ID: person60
[33mWARNING[0m:  [09-09-2024 21:07:47] Add of existing embedding ID: person61
[33mWARNING[0m:  [09-09-2024 21:07:47] Add of existing embedding ID: person62
[33mWARNING[0m:  [09-09-2024 21:07:47] Add of existing embedding ID: person63
[33mWARNING[0m:  [09-09-2024 21:07:47] Add of existing embedding ID: person64
[33mWARNING[0m:  [09-09-2024 21:07:47] Add of existing embedding ID: person65
[33mWARNING[0m:  [09-09-2024 21:07:47] Add of existing embedding ID: person66
[33mWARNING[0m:  [09-09-2024 21:07:47] Add of existing embedding ID: person67
[33mWARNING[0m:  [09-09-2024 21:07:47] Add of existing embedding ID: person68
[33mWARNING[0m:  [09-09-2024 21:07:47] Add of existing embedding ID: person69
[33mWARNING[0m:  [09-09-2024 21:07:47] Add of existing embedding ID: person70
[33mWARNING[0m:  [09-09-2024 21:07:47] Add of existing embedding ID: person71
[33mWARNING[0m:  [09-09-2024 21:07:47] Add of existing embedding ID: person72
[33mWARNING[0m:  [09-09-2024 21:07:47] Add of existing embedding ID: person73
[33mWARNING[0m:  [09-09-2024 21:07:47] Add of existing embedding ID: person74
[33mWARNING[0m:  [09-09-2024 21:07:47] Add of existing embedding ID: person75
[33mWARNING[0m:  [09-09-2024 21:07:47] Add of existing embedding ID: person76
[33mWARNING[0m:  [09-09-2024 21:07:47] Add of existing embedding ID: person77
[33mWARNING[0m:  [09-09-2024 21:07:47] Add of existing embedding ID: person78
[33mWARNING[0m:  [09-09-2024 21:07:47] Add of existing embedding ID: person79
[33mWARNING[0m:  [09-09-2024 21:07:47] Add of existing embedding ID: person80
[33mWARNING[0m:  [09-09-2024 21:07:47] Add of existing embedding ID: person81
[33mWARNING[0m:  [09-09-2024 21:07:47] Add of existing embedding ID: person82
[33mWARNING[0m:  [09-09-2024 21:07:47] Add of existing embedding ID: person83
[33mWARNING[0m:  [09-09-2024 21:07:47] Add of existing embedding ID: person84
[33mWARNING[0m:  [09-09-2024 21:07:47] Add of existing embedding ID: person85
[33mWARNING[0m:  [09-09-2024 21:07:47] Add of existing embedding ID: person86
[33mWARNING[0m:  [09-09-2024 21:07:47] Add of existing embedding ID: person87
[33mWARNING[0m:  [09-09-2024 21:07:47] Add of existing embedding ID: person88
[33mWARNING[0m:  [09-09-2024 21:07:47] Add of existing embedding ID: person89
[33mWARNING[0m:  [09-09-2024 21:07:47] Add of existing embedding ID: person90
[33mWARNING[0m:  [09-09-2024 21:07:47] Add of existing embedding ID: person91
[33mWARNING[0m:  [09-09-2024 21:07:47] Add of existing embedding ID: person92
[33mWARNING[0m:  [09-09-2024 21:07:47] Add of existing embedding ID: person93
[33mWARNING[0m:  [09-09-2024 21:07:47] Add of existing embedding ID: person94
[33mWARNING[0m:  [09-09-2024 21:07:47] Add of existing embedding ID: person95
[33mWARNING[0m:  [09-09-2024 21:07:47] Add of existing embedding ID: person96
[33mWARNING[0m:  [09-09-2024 21:07:47] Add of existing embedding ID: person97
[33mWARNING[0m:  [09-09-2024 21:07:47] Add of existing embedding ID: person98
[33mWARNING[0m:  [09-09-2024 21:07:47] Add of existing embedding ID: person99
[33mWARNING[0m:  [09-09-2024 21:07:47] Add of existing embedding ID: person100
[33mWARNING[0m:  [09-09-2024 21:07:48] Insert of existing embedding ID: person1
[33mWARNING[0m:  [09-09-2024 21:07:48] Insert of existing embedding ID: person2
[33mWARNING[0m:  [09-09-2024 21:07:48] Insert of existing embedding ID: person3
[33mWARNING[0m:  [09-09-2024 21:07:48] Insert of existing embedding ID: person4
[33mWARNING[0m:  [09-09-2024 21:07:48] Insert of existing embedding ID: person5
[33mWARNING[0m:  [09-09-2024 21:07:48] Insert of existing embedding ID: person6
[33mWARNING[0m:  [09-09-2024 21:07:48] Insert of existing embedding ID: person7
[33mWARNING[0m:  [09-09-2024 21:07:48] Insert of existing embedding ID: person8
[33mWARNING[0m:  [09-09-2024 21:07:48] Insert of existing embedding ID: person9
[33mWARNING[0m:  [09-09-2024 21:07:48] Insert of existing embedding ID: person10
[33mWARNING[0m:  [09-09-2024 21:07:48] Insert of existing embedding ID: person11
[33mWARNING[0m:  [09-09-2024 21:07:48] Insert of existing embedding ID: person12
[33mWARNING[0m:  [09-09-2024 21:07:48] Insert of existing embedding ID: person13
[33mWARNING[0m:  [09-09-2024 21:07:48] Insert of existing embedding ID: person14
[33mWARNING[0m:  [09-09-2024 21:07:48] Insert of existing embedding ID: person15
[33mWARNING[0m:  [09-09-2024 21:07:48] Insert of existing embedding ID: person16
[33mWARNING[0m:  [09-09-2024 21:07:48] Insert of existing embedding ID: person17
[33mWARNING[0m:  [09-09-2024 21:07:48] Insert of existing embedding ID: person18
[33mWARNING[0m:  [09-09-2024 21:07:48] Insert of existing embedding ID: person19
[33mWARNING[0m:  [09-09-2024 21:07:48] Insert of existing embedding ID: person20
[33mWARNING[0m:  [09-09-2024 21:07:48] Insert of existing embedding ID: person21
[33mWARNING[0m:  [09-09-2024 21:07:48] Insert of existing embedding ID: person22
[33mWARNING[0m:  [09-09-2024 21:07:48] Insert of existing embedding ID: person23
[33mWARNING[0m:  [09-09-2024 21:07:48] Insert of existing embedding ID: person24
[33mWARNING[0m:  [09-09-2024 21:07:48] Insert of existing embedding ID: person25
[33mWARNING[0m:  [09-09-2024 21:07:48] Insert of existing embedding ID: person26
[33mWARNING[0m:  [09-09-2024 21:07:48] Insert of existing embedding ID: person27
[33mWARNING[0m:  [09-09-2024 21:07:48] Insert of existing embedding ID: person28
[33mWARNING[0m:  [09-09-2024 21:07:48] Insert of existing embedding ID: person29
[33mWARNING[0m:  [09-09-2024 21:07:48] Insert of existing embedding ID: person30
[33mWARNING[0m:  [09-09-2024 21:07:48] Insert of existing embedding ID: person31
[33mWARNING[0m:  [09-09-2024 21:07:48] Insert of existing embedding ID: person32
[33mWARNING[0m:  [09-09-2024 21:07:48] Insert of existing embedding ID: person33
[33mWARNING[0m:  [09-09-2024 21:07:48] Insert of existing embedding ID: person34
[33mWARNING[0m:  [09-09-2024 21:07:48] Insert of existing embedding ID: person35
[33mWARNING[0m:  [09-09-2024 21:07:48] Insert of existing embedding ID: person36
[33mWARNING[0m:  [09-09-2024 21:07:48] Insert of existing embedding ID: person37
[33mWARNING[0m:  [09-09-2024 21:07:48] Insert of existing embedding ID: person38
[33mWARNING[0m:  [09-09-2024 21:07:48] Insert of existing embedding ID: person39
[33mWARNING[0m:  [09-09-2024 21:07:48] Insert of existing embedding ID: person40
[33mWARNING[0m:  [09-09-2024 21:07:48] Insert of existing embedding ID: person41
[33mWARNING[0m:  [09-09-2024 21:07:48] Insert of existing embedding ID: person42
[33mWARNING[0m:  [09-09-2024 21:07:48] Insert of existing embedding ID: person43
[33mWARNING[0m:  [09-09-2024 21:07:48] Insert of existing embedding ID: person44
[33mWARNING[0m:  [09-09-2024 21:07:48] Insert of existing embedding ID: person45
[33mWARNING[0m:  [09-09-2024 21:07:48] Insert of existing embedding ID: person46
[33mWARNING[0m:  [09-09-2024 21:07:48] Insert of existing embedding ID: person47
[33mWARNING[0m:  [09-09-2024 21:07:48] Insert of existing embedding ID: person48
[33mWARNING[0m:  [09-09-2024 21:07:48] Insert of existing embedding ID: person49
[33mWARNING[0m:  [09-09-2024 21:07:48] Insert of existing embedding ID: person50
[33mWARNING[0m:  [09-09-2024 21:07:48] Insert of existing embedding ID: person51
[33mWARNING[0m:  [09-09-2024 21:07:48] Insert of existing embedding ID: person52
[33mWARNING[0m:  [09-09-2024 21:07:48] Insert of existing embedding ID: person53
[33mWARNING[0m:  [09-09-2024 21:07:48] Insert of existing embedding ID: person54
[33mWARNING[0m:  [09-09-2024 21:07:48] Insert of existing embedding ID: person55
[33mWARNING[0m:  [09-09-2024 21:07:48] Insert of existing embedding ID: person56
[33mWARNING[0m:  [09-09-2024 21:07:48] Insert of existing embedding ID: person57
[33mWARNING[0m:  [09-09-2024 21:07:48] Insert of existing embedding ID: person58
[33mWARNING[0m:  [09-09-2024 21:07:48] Insert of existing embedding ID: person59
[33mWARNING[0m:  [09-09-2024 21:07:48] Insert of existing embedding ID: person60
[33mWARNING[0m:  [09-09-2024 21:07:48] Insert of existing embedding ID: person61
[33mWARNING[0m:  [09-09-2024 21:07:48] Insert of existing embedding ID: person62
[33mWARNING[0m:  [09-09-2024 21:07:48] Insert of existing embedding ID: person63
[33mWARNING[0m:  [09-09-2024 21:07:48] Insert of existing embedding ID: person64
[33mWARNING[0m:  [09-09-2024 21:07:48] Insert of existing embedding ID: person65
[33mWARNING[0m:  [09-09-2024 21:07:48] Insert of existing embedding ID: person66
[33mWARNING[0m:  [09-09-2024 21:07:48] Insert of existing embedding ID: person67
[33mWARNING[0m:  [09-09-2024 21:07:48] Insert of existing embedding ID: person68
[33mWARNING[0m:  [09-09-2024 21:07:48] Insert of existing embedding ID: person69
[33mWARNING[0m:  [09-09-2024 21:07:48] Insert of existing embedding ID: person70
[33mWARNING[0m:  [09-09-2024 21:07:48] Insert of existing embedding ID: person71
[33mWARNING[0m:  [09-09-2024 21:07:48] Insert of existing embedding ID: person72
[33mWARNING[0m:  [09-09-2024 21:07:48] Insert of existing embedding ID: person73
[33mWARNING[0m:  [09-09-2024 21:07:48] Insert of existing embedding ID: person74
[33mWARNING[0m:  [09-09-2024 21:07:48] Insert of existing embedding ID: person75
[33mWARNING[0m:  [09-09-2024 21:07:48] Insert of existing embedding ID: person76
[33mWARNING[0m:  [09-09-2024 21:07:48] Insert of existing embedding ID: person77
[33mWARNING[0m:  [09-09-2024 21:07:48] Insert of existing embedding ID: person78
[33mWARNING[0m:  [09-09-2024 21:07:48] Insert of existing embedding ID: person79
[33mWARNING[0m:  [09-09-2024 21:07:48] Insert of existing embedding ID: person80
[33mWARNING[0m:  [09-09-2024 21:07:48] Insert of existing embedding ID: person81
[33mWARNING[0m:  [09-09-2024 21:07:48] Insert of existing embedding ID: person82
[33mWARNING[0m:  [09-09-2024 21:07:48] Insert of existing embedding ID: person83
[33mWARNING[0m:  [09-09-2024 21:07:48] Insert of existing embedding ID: person84
[33mWARNING[0m:  [09-09-2024 21:07:48] Insert of existing embedding ID: person85
[33mWARNING[0m:  [09-09-2024 21:07:48] Insert of existing embedding ID: person86
[33mWARNING[0m:  [09-09-2024 21:07:48] Insert of existing embedding ID: person87
[33mWARNING[0m:  [09-09-2024 21:07:48] Insert of existing embedding ID: person88
[33mWARNING[0m:  [09-09-2024 21:07:48] Insert of existing embedding ID: person89
[33mWARNING[0m:  [09-09-2024 21:07:48] Insert of existing embedding ID: person90
[33mWARNING[0m:  [09-09-2024 21:07:48] Insert of existing embedding ID: person91
[33mWARNING[0m:  [09-09-2024 21:07:48] Insert of existing embedding ID: person92
[33mWARNING[0m:  [09-09-2024 21:07:48] Insert of existing embedding ID: person93
[33mWARNING[0m:  [09-09-2024 21:07:48] Insert of existing embedding ID: person94
[33mWARNING[0m:  [09-09-2024 21:07:48] Insert of existing embedding ID: person95
[33mWARNING[0m:  [09-09-2024 21:07:48] Insert of existing embedding ID: person96
[33mWARNING[0m:  [09-09-2024 21:07:48] Insert of existing embedding ID: person97
[33mWARNING[0m:  [09-09-2024 21:07:48] Insert of existing embedding ID: person98
[33mWARNING[0m:  [09-09-2024 21:07:48] Insert of existing embedding ID: person99
[33mWARNING[0m:  [09-09-2024 21:07:48] Insert of existing embedding ID: person100
[32mINFO[0m:     [09-09-2024 21:07:48] ::1:37504 - "POST /api/v1/collections/aafe7113-89d1-49dd-92a3-df8288b6068b/add HTTP/1.1" 201
[32mINFO[0m:     [09-09-2024 21:08:17] ::1:60352 - "GET /api/v1/tenants/default_tenant HTTP/1.1" 200
[32mINFO[0m:     [09-09-2024 21:08:17] ::1:60352 - "GET /api/v1/databases/default_database?tenant=default_tenant HTTP/1.1" 200
[36mDEBUG[0m:    [09-09-2024 21:08:17] Collection hobby already exists, returning existing collection.
[32mINFO[0m:     [09-09-2024 21:08:17] ::1:60358 - "POST /api/v1/collections?tenant=default_tenant&database=default_database HTTP/1.1" 200
[32mINFO[0m:     [09-09-2024 21:08:17] ::1:60358 - "POST /api/v1/collections/aafe7113-89d1-49dd-92a3-df8288b6068b/query HTTP/1.1" 200
